c:\users\lior\documents\שנה ב\cpp\ecommerce-project\ecommerce\ecommerce\x64\debug\vc141.pdb
c:\users\lior\documents\שנה ב\cpp\ecommerce-project\ecommerce\ecommerce\x64\debug\vc141.idb
c:\users\lior\documents\שנה ב\cpp\ecommerce-project\ecommerce\ecommerce\x64\debug\validation.obj
c:\users\lior\documents\שנה ב\cpp\ecommerce-project\ecommerce\ecommerce\x64\debug\user.obj
c:\users\lior\documents\שנה ב\cpp\ecommerce-project\ecommerce\ecommerce\x64\debug\shopping_cart.obj
c:\users\lior\documents\שנה ב\cpp\ecommerce-project\ecommerce\ecommerce\x64\debug\product.obj
c:\users\lior\documents\שנה ב\cpp\ecommerce-project\ecommerce\ecommerce\x64\debug\order.obj
c:\users\lior\documents\שנה ב\cpp\ecommerce-project\ecommerce\ecommerce\x64\debug\date.obj
c:\users\lior\documents\שנה ב\cpp\ecommerce-project\ecommerce\ecommerce\x64\debug\address.obj
c:\users\lior\documents\שנה ב\cpp\ecommerce-project\ecommerce\ecommerce\x64\debug\system.obj
c:\users\lior\documents\שנה ב\cpp\ecommerce-project\ecommerce\ecommerce\x64\debug\seller.obj
c:\users\lior\documents\שנה ב\cpp\ecommerce-project\ecommerce\ecommerce\x64\debug\menu.obj
c:\users\lior\documents\שנה ב\cpp\ecommerce-project\ecommerce\ecommerce\x64\debug\main.obj
c:\users\lior\documents\שנה ב\cpp\ecommerce-project\ecommerce\ecommerce\x64\debug\feedback.obj
c:\users\lior\documents\שנה ב\cpp\ecommerce-project\ecommerce\ecommerce\x64\debug\buyerseller.obj
c:\users\lior\documents\שנה ב\cpp\ecommerce-project\ecommerce\ecommerce\x64\debug\buyer.obj
c:\users\lior\documents\שנה ב\cpp\ecommerce-project\ecommerce\x64\debug\ecommerce.exe
c:\users\lior\documents\שנה ב\cpp\ecommerce-project\ecommerce\x64\debug\ecommerce.ilk
c:\users\lior\documents\שנה ב\cpp\ecommerce-project\ecommerce\x64\debug\ecommerce.pdb
c:\users\lior\documents\שנה ב\cpp\ecommerce-project\ecommerce\ecommerce\x64\debug\user.obj.enc
c:\users\lior\documents\שנה ב\cpp\ecommerce-project\ecommerce\ecommerce\x64\debug\ecommerce.tlog\cl.command.1.tlog
c:\users\lior\documents\שנה ב\cpp\ecommerce-project\ecommerce\ecommerce\x64\debug\ecommerce.tlog\cl.read.1.tlog
c:\users\lior\documents\שנה ב\cpp\ecommerce-project\ecommerce\ecommerce\x64\debug\ecommerce.tlog\cl.write.1.tlog
c:\users\lior\documents\שנה ב\cpp\ecommerce-project\ecommerce\ecommerce\x64\debug\ecommerce.tlog\link.command.1.tlog
c:\users\lior\documents\שנה ב\cpp\ecommerce-project\ecommerce\ecommerce\x64\debug\ecommerce.tlog\link.read.1.tlog
c:\users\lior\documents\שנה ב\cpp\ecommerce-project\ecommerce\ecommerce\x64\debug\ecommerce.tlog\link.write.1.tlog
